<?xml version="1.0" encoding="UTF-8"?>
<testng-results skipped="0" failed="0" ignored="0" total="1" passed="1">
  <reporter-output>
  </reporter-output>
  <suite name="Default suite" duration-ms="23035" started-at="2019-06-25T07:08:41Z" finished-at="2019-06-25T07:09:04Z">
    <groups>
    </groups>
    <test name="Default test" duration-ms="23035" started-at="2019-06-25T07:08:41Z" finished-at="2019-06-25T07:09:04Z">
      <class name="testCases.TestCaseExecute">
        <test-method status="PASS" signature="inputValidationCheck()[pri:0, instance:testCases.TestCaseExecute@1593948d]" name="inputValidationCheck" duration-ms="22973" started-at="2019-06-25T07:08:41Z" finished-at="2019-06-25T07:09:04Z">
          <reporter-output>
          </reporter-output>
        </test-method> <!-- inputValidationCheck -->
      </class> <!-- testCases.TestCaseExecute -->
    </test> <!-- Default test -->
  </suite> <!-- Default suite -->
</testng-results>
